2012-09-04 18:04:03 Error: [MissingControllerException] Controller class CssController could not be found.
#0 /Applications/MAMP/htdocs/cakeStrap/app/webroot/index.php(92): Dispatcher->dispatch(Object(CakeRequest), Object(CakeResponse))
#1 {main}
2012-09-04 18:22:02 Error: [MissingControllerException] Controller class CssController could not be found.
#0 /Applications/MAMP/htdocs/cakeStrap/app/webroot/index.php(92): Dispatcher->dispatch(Object(CakeRequest), Object(CakeResponse))
#1 {main}
2012-09-04 18:35:02 Error: Fatal Error (4): syntax error, unexpected ')', expecting ',' or ';' in [/Applications/MAMP/htdocs/cakeStrap/app/View/Layouts/default.ctp, line 21]
2012-09-04 18:35:02 Error: [FatalErrorException] syntax error, unexpected ')', expecting ',' or ';'
#0 /Applications/MAMP/htdocs/cakeStrap/lib/Cake/Error/ErrorHandler.php(162): ErrorHandler::handleFatalError(4, 'syntax error, u...', '/Applications/M...', 21)
#1 [internal function]: ErrorHandler::handleError(4, 'syntax error, u...', '/Applications/M...', 21, Array)
#2 /Applications/MAMP/htdocs/cakeStrap/lib/Cake/Core/App.php(926): call_user_func('ErrorHandler::h...', 4, 'syntax error, u...', '/Applications/M...', 21, Array)
#3 /Applications/MAMP/htdocs/cakeStrap/lib/Cake/Core/App.php(899): App::_checkFatalError()
#4 [internal function]: App::shutdown()
#5 {main}
2012-10-31 17:03:19 Error: Fatal Error (4): syntax error, unexpected 'new' (T_NEW) in [C:\xampp\htdocs\caketeste\app\Model\User.php, line 8]
2012-10-31 17:03:19 Error: [FatalErrorException] syntax error, unexpected 'new' (T_NEW)
#0 C:\xampp\htdocs\caketeste\lib\Cake\Error\ErrorHandler.php(162): ErrorHandler::handleFatalError(4, 'syntax error, u...', 'C:\xampp\htdocs...', 8)
#1 [internal function]: ErrorHandler::handleError(4, 'syntax error, u...', 'C:\xampp\htdocs...', 8, Array)
#2 C:\xampp\htdocs\caketeste\lib\Cake\Core\App.php(926): call_user_func('ErrorHandler::h...', 4, 'syntax error, u...', 'C:\xampp\htdocs...', 8, Array)
#3 C:\xampp\htdocs\caketeste\lib\Cake\Core\App.php(899): App::_checkFatalError()
#4 [internal function]: App::shutdown()
#5 {main}
2012-10-31 17:05:50 Error: Fatal Error (4): syntax error, unexpected ')', expecting '(' in [C:\xampp\htdocs\caketeste\app\Model\User.php, line 8]
2012-10-31 17:05:50 Error: [FatalErrorException] syntax error, unexpected ')', expecting '('
#0 C:\xampp\htdocs\caketeste\lib\Cake\Error\ErrorHandler.php(162): ErrorHandler::handleFatalError(4, 'syntax error, u...', 'C:\xampp\htdocs...', 8)
#1 [internal function]: ErrorHandler::handleError(4, 'syntax error, u...', 'C:\xampp\htdocs...', 8, Array)
#2 C:\xampp\htdocs\caketeste\lib\Cake\Core\App.php(926): call_user_func('ErrorHandler::h...', 4, 'syntax error, u...', 'C:\xampp\htdocs...', 8, Array)
#3 C:\xampp\htdocs\caketeste\lib\Cake\Core\App.php(899): App::_checkFatalError()
#4 [internal function]: App::shutdown()
#5 {main}
2012-10-31 17:41:23 Error: [MissingViewException] View file "C:\xampp\htdocs\caketeste\app\View\Pages\display.ctp" is missing.
#0 C:\xampp\htdocs\caketeste\lib\Cake\View\View.php(472): View->_getViewFileName(NULL)
#1 C:\xampp\htdocs\caketeste\lib\Cake\Controller\Controller.php(957): View->render(NULL, NULL)
#2 C:\xampp\htdocs\caketeste\lib\Cake\Routing\Dispatcher.php(193): Controller->render()
#3 C:\xampp\htdocs\caketeste\lib\Cake\Routing\Dispatcher.php(161): Dispatcher->_invoke(Object(PagesController), Object(CakeRequest), Object(CakeResponse))
#4 C:\xampp\htdocs\caketeste\app\webroot\index.php(92): Dispatcher->dispatch(Object(CakeRequest), Object(CakeResponse))
#5 {main}
2012-10-31 18:51:48 Error: [MissingViewException] View file "C:\xampp\htdocs\caketeste\app\View\Posts\view.ctp" is missing.
#0 C:\xampp\htdocs\caketeste\lib\Cake\View\View.php(472): View->_getViewFileName(NULL)
#1 C:\xampp\htdocs\caketeste\lib\Cake\Controller\Controller.php(957): View->render(NULL, NULL)
#2 C:\xampp\htdocs\caketeste\lib\Cake\Routing\Dispatcher.php(193): Controller->render()
#3 C:\xampp\htdocs\caketeste\lib\Cake\Routing\Dispatcher.php(161): Dispatcher->_invoke(Object(PostsController), Object(CakeRequest), Object(CakeResponse))
#4 C:\xampp\htdocs\caketeste\app\webroot\index.php(92): Dispatcher->dispatch(Object(CakeRequest), Object(CakeResponse))
#5 {main}
2012-11-14 17:53:40 Error: [MissingViewException] View file "C:\xampp\htdocs\caketeste\app\View\Posts\add.ctp" is missing.
#0 C:\xampp\htdocs\caketeste\lib\Cake\View\View.php(472): View->_getViewFileName(NULL)
#1 C:\xampp\htdocs\caketeste\lib\Cake\Controller\Controller.php(957): View->render(NULL, NULL)
#2 C:\xampp\htdocs\caketeste\lib\Cake\Routing\Dispatcher.php(193): Controller->render()
#3 C:\xampp\htdocs\caketeste\lib\Cake\Routing\Dispatcher.php(161): Dispatcher->_invoke(Object(PostsController), Object(CakeRequest), Object(CakeResponse))
#4 C:\xampp\htdocs\caketeste\app\webroot\index.php(92): Dispatcher->dispatch(Object(CakeRequest), Object(CakeResponse))
#5 {main}
2012-11-14 18:17:24 Error: Fatal Error (4): syntax error, unexpected '<' in [C:\xampp\htdocs\caketeste\app\View\Posts\index.ctp, line 5]
2012-11-14 18:17:25 Error: [FatalErrorException] syntax error, unexpected '<'
#0 C:\xampp\htdocs\caketeste\lib\Cake\Error\ErrorHandler.php(162): ErrorHandler::handleFatalError(4, 'syntax error, u...', 'C:\xampp\htdocs...', 5)
#1 [internal function]: ErrorHandler::handleError(4, 'syntax error, u...', 'C:\xampp\htdocs...', 5, Array)
#2 C:\xampp\htdocs\caketeste\lib\Cake\Core\App.php(926): call_user_func('ErrorHandler::h...', 4, 'syntax error, u...', 'C:\xampp\htdocs...', 5, Array)
#3 C:\xampp\htdocs\caketeste\lib\Cake\Core\App.php(899): App::_checkFatalError()
#4 [internal function]: App::shutdown()
#5 {main}
2012-11-27 21:24:31 Error: [MissingConnectionException] Database connection "SQLSTATE[28000] [1045] Access denied for user 'root'@'localhost' (using password: NO)" is missing, or could not be created.
#0 /Users/tiagolink/Sites/mamp/tiagolink/blog/lib/Cake/Model/Datasource/DboSource.php(260): Mysql->connect()
#1 /Users/tiagolink/Sites/mamp/tiagolink/blog/lib/Cake/Model/ConnectionManager.php(101): DboSource->__construct(Array)
#2 /Users/tiagolink/Sites/mamp/tiagolink/blog/lib/Cake/Model/Model.php(3158): ConnectionManager::getDataSource('default')
#3 /Users/tiagolink/Sites/mamp/tiagolink/blog/lib/Cake/Model/Model.php(1092): Model->setDataSource('default')
#4 /Users/tiagolink/Sites/mamp/tiagolink/blog/lib/Cake/Model/Model.php(3180): Model->setSource('users')
#5 /Users/tiagolink/Sites/mamp/tiagolink/blog/lib/Cake/Model/Model.php(1301): Model->getDataSource()
#6 /Users/tiagolink/Sites/mamp/tiagolink/blog/lib/Cake/View/Helper/FormHelper.php(197): Model->schema()
#7 /Users/tiagolink/Sites/mamp/tiagolink/blog/lib/Cake/View/Helper/FormHelper.php(436): FormHelper->_introspectModel('User', 'fields')
#8 /Users/tiagolink/Sites/mamp/tiagolink/blog/app/View/Elements/form_login.ctp(19): FormHelper->create('User', Array)
#9 /Users/tiagolink/Sites/mamp/tiagolink/blog/lib/Cake/View/View.php(920): include('/Users/tiagolin...')
#10 /Users/tiagolink/Sites/mamp/tiagolink/blog/lib/Cake/View/View.php(883): View->_evaluate('/Users/tiagolin...', Array)
#11 /Users/tiagolink/Sites/mamp/tiagolink/blog/lib/Cake/View/View.php(424): View->_render('/Users/tiagolin...', Array)
#12 /Users/tiagolink/Sites/mamp/tiagolink/blog/app/View/Pages/home.ctp(65): View->element('form_login')
#13 /Users/tiagolink/Sites/mamp/tiagolink/blog/lib/Cake/View/View.php(920): include('/Users/tiagolin...')
#14 /Users/tiagolink/Sites/mamp/tiagolink/blog/lib/Cake/View/View.php(883): View->_evaluate('/Users/tiagolin...', Array)
#15 /Users/tiagolink/Sites/mamp/tiagolink/blog/lib/Cake/View/View.php(475): View->_render('/Users/tiagolin...')
#16 /Users/tiagolink/Sites/mamp/tiagolink/blog/lib/Cake/Controller/Controller.php(957): View->render(NULL, NULL)
#17 /Users/tiagolink/Sites/mamp/tiagolink/blog/lib/Cake/Routing/Dispatcher.php(193): Controller->render()
#18 /Users/tiagolink/Sites/mamp/tiagolink/blog/lib/Cake/Routing/Dispatcher.php(161): Dispatcher->_invoke(Object(PagesController), Object(CakeRequest), Object(CakeResponse))
#19 /Users/tiagolink/Sites/mamp/tiagolink/blog/app/webroot/index.php(92): Dispatcher->dispatch(Object(CakeRequest), Object(CakeResponse))
#20 {main}
2012-11-27 21:24:34 Error: [MissingControllerException] Controller class JsController could not be found.
#0 /Users/tiagolink/Sites/mamp/tiagolink/blog/app/webroot/index.php(92): Dispatcher->dispatch(Object(CakeRequest), Object(CakeResponse))
#1 {main}
2012-11-27 21:24:50 Error: [MissingControllerException] Controller class JsController could not be found.
#0 /Users/tiagolink/Sites/mamp/tiagolink/blog/app/webroot/index.php(92): Dispatcher->dispatch(Object(CakeRequest), Object(CakeResponse))
#1 {main}
2012-11-27 21:25:03 Error: [MissingControllerException] Controller class JsController could not be found.
#0 /Users/tiagolink/Sites/mamp/tiagolink/blog/app/webroot/index.php(92): Dispatcher->dispatch(Object(CakeRequest), Object(CakeResponse))
#1 {main}
2012-11-27 21:25:11 Error: [MissingControllerException] Controller class JsController could not be found.
#0 /Users/tiagolink/Sites/mamp/tiagolink/blog/app/webroot/index.php(92): Dispatcher->dispatch(Object(CakeRequest), Object(CakeResponse))
#1 {main}
2012-11-27 21:25:16 Error: [MissingControllerException] Controller class JsController could not be found.
#0 /Users/tiagolink/Sites/mamp/tiagolink/blog/app/webroot/index.php(92): Dispatcher->dispatch(Object(CakeRequest), Object(CakeResponse))
#1 {main}
2012-11-27 21:25:35 Error: [MissingControllerException] Controller class JsController could not be found.
#0 /Users/tiagolink/Sites/mamp/tiagolink/blog/app/webroot/index.php(92): Dispatcher->dispatch(Object(CakeRequest), Object(CakeResponse))
#1 {main}
2012-11-27 21:26:49 Error: [MissingControllerException] Controller class JsController could not be found.
#0 /Users/tiagolink/Sites/mamp/tiagolink/blog/app/webroot/index.php(92): Dispatcher->dispatch(Object(CakeRequest), Object(CakeResponse))
#1 {main}
2012-11-27 21:27:06 Error: [MissingControllerException] Controller class PostsController could not be found.
#0 /Users/tiagolink/Sites/mamp/tiagolink/blog/app/webroot/index.php(92): Dispatcher->dispatch(Object(CakeRequest), Object(CakeResponse))
#1 {main}
2012-11-27 21:27:40 Error: [MissingControllerException] Controller class JsController could not be found.
#0 /Users/tiagolink/Sites/mamp/tiagolink/blog/app/webroot/index.php(92): Dispatcher->dispatch(Object(CakeRequest), Object(CakeResponse))
#1 {main}
2012-11-27 21:27:48 Error: [MissingControllerException] Controller class JsController could not be found.
#0 /Users/tiagolink/Sites/mamp/tiagolink/blog/app/webroot/index.php(92): Dispatcher->dispatch(Object(CakeRequest), Object(CakeResponse))
#1 {main}
2012-11-27 23:08:05 Error: [MissingConnectionException] Database connection "SQLSTATE[HY000] [1045] Access denied for user 'root'@'localhost' (using password: YES)" is missing, or could not be created.
#0 D:\UNOESC\4 FASE\Componente Curricular Complementar\PROGRAMAS\Arquivos de Programas\XAMPP\htdocs\Fernando\blog\lib\Cake\Model\Datasource\DboSource.php(260): Mysql->connect()
#1 D:\UNOESC\4 FASE\Componente Curricular Complementar\PROGRAMAS\Arquivos de Programas\XAMPP\htdocs\Fernando\blog\lib\Cake\Model\ConnectionManager.php(101): DboSource->__construct(Array)
#2 D:\UNOESC\4 FASE\Componente Curricular Complementar\PROGRAMAS\Arquivos de Programas\XAMPP\htdocs\Fernando\blog\lib\Cake\Model\Model.php(3158): ConnectionManager::getDataSource('default')
#3 D:\UNOESC\4 FASE\Componente Curricular Complementar\PROGRAMAS\Arquivos de Programas\XAMPP\htdocs\Fernando\blog\lib\Cake\Model\Model.php(1092): Model->setDataSource('default')
#4 D:\UNOESC\4 FASE\Componente Curricular Complementar\PROGRAMAS\Arquivos de Programas\XAMPP\htdocs\Fernando\blog\lib\Cake\Model\Model.php(3180): Model->setSource('users')
#5 D:\UNOESC\4 FASE\Componente Curricular Complementar\PROGRAMAS\Arquivos de Programas\XAMPP\htdocs\Fernando\blog\lib\Cake\Model\Model.php(1301): Model->getDataSource()
#6 D:\UNOESC\4 FASE\Componente Curricular Complementar\PROGRAMAS\Arquivos de Programas\XAMPP\htdocs\Fernando\blog\lib\Cake\View\Helper\FormHelper.php(197): Model->schema()
#7 D:\UNOESC\4 FASE\Componente Curricular Complementar\PROGRAMAS\Arquivos de Programas\XAMPP\htdocs\Fernando\blog\lib\Cake\View\Helper\FormHelper.php(436): FormHelper->_introspectModel('User', 'fields')
#8 D:\UNOESC\4 FASE\Componente Curricular Complementar\PROGRAMAS\Arquivos de Programas\XAMPP\htdocs\Fernando\blog\app\View\Elements\form_login.ctp(19): FormHelper->create('User', Array)
#9 D:\UNOESC\4 FASE\Componente Curricular Complementar\PROGRAMAS\Arquivos de Programas\XAMPP\htdocs\Fernando\blog\lib\Cake\View\View.php(920): include('D:\UNOESC\4 FAS...')
#10 D:\UNOESC\4 FASE\Componente Curricular Complementar\PROGRAMAS\Arquivos de Programas\XAMPP\htdocs\Fernando\blog\lib\Cake\View\View.php(883): View->_evaluate('D:\UNOESC\4 FAS...', Array)
#11 D:\UNOESC\4 FASE\Componente Curricular Complementar\PROGRAMAS\Arquivos de Programas\XAMPP\htdocs\Fernando\blog\lib\Cake\View\View.php(424): View->_render('D:\UNOESC\4 FAS...', Array)
#12 D:\UNOESC\4 FASE\Componente Curricular Complementar\PROGRAMAS\Arquivos de Programas\XAMPP\htdocs\Fernando\blog\app\View\Pages\home.ctp(65): View->element('form_login')
#13 D:\UNOESC\4 FASE\Componente Curricular Complementar\PROGRAMAS\Arquivos de Programas\XAMPP\htdocs\Fernando\blog\lib\Cake\View\View.php(920): include('D:\UNOESC\4 FAS...')
#14 D:\UNOESC\4 FASE\Componente Curricular Complementar\PROGRAMAS\Arquivos de Programas\XAMPP\htdocs\Fernando\blog\lib\Cake\View\View.php(883): View->_evaluate('D:\UNOESC\4 FAS...', Array)
#15 D:\UNOESC\4 FASE\Componente Curricular Complementar\PROGRAMAS\Arquivos de Programas\XAMPP\htdocs\Fernando\blog\lib\Cake\View\View.php(475): View->_render('D:\UNOESC\4 FAS...')
#16 D:\UNOESC\4 FASE\Componente Curricular Complementar\PROGRAMAS\Arquivos de Programas\XAMPP\htdocs\Fernando\blog\lib\Cake\Controller\Controller.php(957): View->render(NULL, NULL)
#17 D:\UNOESC\4 FASE\Componente Curricular Complementar\PROGRAMAS\Arquivos de Programas\XAMPP\htdocs\Fernando\blog\lib\Cake\Routing\Dispatcher.php(193): Controller->render()
#18 D:\UNOESC\4 FASE\Componente Curricular Complementar\PROGRAMAS\Arquivos de Programas\XAMPP\htdocs\Fernando\blog\lib\Cake\Routing\Dispatcher.php(161): Dispatcher->_invoke(Object(PagesController), Object(CakeRequest), Object(CakeResponse))
#19 D:\UNOESC\4 FASE\Componente Curricular Complementar\PROGRAMAS\Arquivos de Programas\XAMPP\htdocs\Fernando\blog\app\webroot\index.php(92): Dispatcher->dispatch(Object(CakeRequest), Object(CakeResponse))
#20 {main}
2012-11-28 00:13:09 Error: [MissingViewException] View file "D:\UNOESC\4 FASE\Componente Curricular Complementar\PROGRAMAS\Arquivos de Programas\XAMPP\htdocs\Fernando\blog\app\View\Hello\index.ctp" is missing.
#0 D:\UNOESC\4 FASE\Componente Curricular Complementar\PROGRAMAS\Arquivos de Programas\XAMPP\htdocs\Fernando\blog\lib\Cake\View\View.php(472): View->_getViewFileName(NULL)
#1 D:\UNOESC\4 FASE\Componente Curricular Complementar\PROGRAMAS\Arquivos de Programas\XAMPP\htdocs\Fernando\blog\lib\Cake\Controller\Controller.php(957): View->render(NULL, NULL)
#2 D:\UNOESC\4 FASE\Componente Curricular Complementar\PROGRAMAS\Arquivos de Programas\XAMPP\htdocs\Fernando\blog\lib\Cake\Routing\Dispatcher.php(193): Controller->render()
#3 D:\UNOESC\4 FASE\Componente Curricular Complementar\PROGRAMAS\Arquivos de Programas\XAMPP\htdocs\Fernando\blog\lib\Cake\Routing\Dispatcher.php(161): Dispatcher->_invoke(Object(HelloController), Object(CakeRequest), Object(CakeResponse))
#4 D:\UNOESC\4 FASE\Componente Curricular Complementar\PROGRAMAS\Arquivos de Programas\XAMPP\htdocs\Fernando\blog\app\webroot\index.php(92): Dispatcher->dispatch(Object(CakeRequest), Object(CakeResponse))
#5 {main}
2012-11-28 21:28:47 Error: [MissingControllerException] Controller class SobremimController could not be found.
#0 D:\UNOESC\4 FASE\Componente Curricular Complementar\PROGRAMAS\Arquivos de Programas\XAMPP\htdocs\Fernando\blog\app\webroot\index.php(92): Dispatcher->dispatch(Object(CakeRequest), Object(CakeResponse))
#1 {main}
2012-11-28 21:29:30 Error: [MissingControllerException] Controller class ContatoController could not be found.
#0 D:\UNOESC\4 FASE\Componente Curricular Complementar\PROGRAMAS\Arquivos de Programas\XAMPP\htdocs\Fernando\blog\app\webroot\index.php(92): Dispatcher->dispatch(Object(CakeRequest), Object(CakeResponse))
#1 {main}
2012-11-28 21:57:19 Error: [MissingTableException] Table posts for model Post was not found in datasource default.
#0 D:\UNOESC\4 FASE\Componente Curricular Complementar\PROGRAMAS\Arquivos de Programas\XAMPP\htdocs\Fernando\blog\lib\Cake\Model\Model.php(3180): Model->setSource('posts')
#1 D:\UNOESC\4 FASE\Componente Curricular Complementar\PROGRAMAS\Arquivos de Programas\XAMPP\htdocs\Fernando\blog\lib\Cake\Model\Model.php(2631): Model->getDataSource()
#2 D:\UNOESC\4 FASE\Componente Curricular Complementar\PROGRAMAS\Arquivos de Programas\XAMPP\htdocs\Fernando\blog\app\Controller\PostsController.php(10): Model->find('all')
#3 [internal function]: PostsController->index()
#4 D:\UNOESC\4 FASE\Componente Curricular Complementar\PROGRAMAS\Arquivos de Programas\XAMPP\htdocs\Fernando\blog\lib\Cake\Controller\Controller.php(485): ReflectionMethod->invokeArgs(Object(PostsController), Array)
#5 D:\UNOESC\4 FASE\Componente Curricular Complementar\PROGRAMAS\Arquivos de Programas\XAMPP\htdocs\Fernando\blog\lib\Cake\Routing\Dispatcher.php(186): Controller->invokeAction(Object(CakeRequest))
#6 D:\UNOESC\4 FASE\Componente Curricular Complementar\PROGRAMAS\Arquivos de Programas\XAMPP\htdocs\Fernando\blog\lib\Cake\Routing\Dispatcher.php(161): Dispatcher->_invoke(Object(PostsController), Object(CakeRequest), Object(CakeResponse))
#7 D:\UNOESC\4 FASE\Componente Curricular Complementar\PROGRAMAS\Arquivos de Programas\XAMPP\htdocs\Fernando\blog\app\webroot\index.php(92): Dispatcher->dispatch(Object(CakeRequest), Object(CakeResponse))
#8 {main}
2012-11-28 22:17:42 Error: [MissingControllerException] Controller class PostController could not be found.
#0 D:\UNOESC\4 FASE\Componente Curricular Complementar\PROGRAMAS\Arquivos de Programas\XAMPP\htdocs\Fernando\blog\app\webroot\index.php(92): Dispatcher->dispatch(Object(CakeRequest), Object(CakeResponse))
#1 {main}
2012-11-28 22:19:41 Error: [MissingTableException] Table posts for model Post was not found in datasource default.
#0 D:\UNOESC\4 FASE\Componente Curricular Complementar\PROGRAMAS\Arquivos de Programas\XAMPP\htdocs\Fernando\blog\lib\Cake\Model\Model.php(3180): Model->setSource('posts')
#1 D:\UNOESC\4 FASE\Componente Curricular Complementar\PROGRAMAS\Arquivos de Programas\XAMPP\htdocs\Fernando\blog\lib\Cake\Model\Model.php(2631): Model->getDataSource()
#2 D:\UNOESC\4 FASE\Componente Curricular Complementar\PROGRAMAS\Arquivos de Programas\XAMPP\htdocs\Fernando\blog\app\Controller\PostsController.php(10): Model->find('all')
#3 [internal function]: PostsController->index()
#4 D:\UNOESC\4 FASE\Componente Curricular Complementar\PROGRAMAS\Arquivos de Programas\XAMPP\htdocs\Fernando\blog\lib\Cake\Controller\Controller.php(485): ReflectionMethod->invokeArgs(Object(PostsController), Array)
#5 D:\UNOESC\4 FASE\Componente Curricular Complementar\PROGRAMAS\Arquivos de Programas\XAMPP\htdocs\Fernando\blog\lib\Cake\Routing\Dispatcher.php(186): Controller->invokeAction(Object(CakeRequest))
#6 D:\UNOESC\4 FASE\Componente Curricular Complementar\PROGRAMAS\Arquivos de Programas\XAMPP\htdocs\Fernando\blog\lib\Cake\Routing\Dispatcher.php(161): Dispatcher->_invoke(Object(PostsController), Object(CakeRequest), Object(CakeResponse))
#7 D:\UNOESC\4 FASE\Componente Curricular Complementar\PROGRAMAS\Arquivos de Programas\XAMPP\htdocs\Fernando\blog\app\webroot\index.php(92): Dispatcher->dispatch(Object(CakeRequest), Object(CakeResponse))
#8 {main}
2012-11-28 22:23:44 Error: [MissingViewException] View file "D:\UNOESC\4 FASE\Componente Curricular Complementar\PROGRAMAS\Arquivos de Programas\XAMPP\htdocs\Fernando\blog\app\View\Posts\index.ctp" is missing.
#0 D:\UNOESC\4 FASE\Componente Curricular Complementar\PROGRAMAS\Arquivos de Programas\XAMPP\htdocs\Fernando\blog\lib\Cake\View\View.php(472): View->_getViewFileName(NULL)
#1 D:\UNOESC\4 FASE\Componente Curricular Complementar\PROGRAMAS\Arquivos de Programas\XAMPP\htdocs\Fernando\blog\lib\Cake\Controller\Controller.php(957): View->render(NULL, NULL)
#2 D:\UNOESC\4 FASE\Componente Curricular Complementar\PROGRAMAS\Arquivos de Programas\XAMPP\htdocs\Fernando\blog\lib\Cake\Routing\Dispatcher.php(193): Controller->render()
#3 D:\UNOESC\4 FASE\Componente Curricular Complementar\PROGRAMAS\Arquivos de Programas\XAMPP\htdocs\Fernando\blog\lib\Cake\Routing\Dispatcher.php(161): Dispatcher->_invoke(Object(PostsController), Object(CakeRequest), Object(CakeResponse))
#4 D:\UNOESC\4 FASE\Componente Curricular Complementar\PROGRAMAS\Arquivos de Programas\XAMPP\htdocs\Fernando\blog\app\webroot\index.php(92): Dispatcher->dispatch(Object(CakeRequest), Object(CakeResponse))
#5 {main}
2012-11-28 22:46:17 Error: [MissingActionException] Action PostsController::1() could not be found.
#0 D:\UNOESC\4 FASE\Componente Curricular Complementar\PROGRAMAS\Arquivos de Programas\XAMPP\htdocs\Fernando\blog\lib\Cake\Routing\Dispatcher.php(186): Controller->invokeAction(Object(CakeRequest))
#1 D:\UNOESC\4 FASE\Componente Curricular Complementar\PROGRAMAS\Arquivos de Programas\XAMPP\htdocs\Fernando\blog\lib\Cake\Routing\Dispatcher.php(161): Dispatcher->_invoke(Object(PostsController), Object(CakeRequest), Object(CakeResponse))
#2 D:\UNOESC\4 FASE\Componente Curricular Complementar\PROGRAMAS\Arquivos de Programas\XAMPP\htdocs\Fernando\blog\app\webroot\index.php(92): Dispatcher->dispatch(Object(CakeRequest), Object(CakeResponse))
#3 {main}
2012-11-28 23:26:42 Error: Fatal Error (4): syntax error, unexpected end of file in [D:\UNOESC\4 FASE\Componente Curricular Complementar\PROGRAMAS\Arquivos de Programas\XAMPP\htdocs\Fernando\blog\app\Controller\PostsController.php, line 56]
2012-11-28 23:26:42 Error: [FatalErrorException] syntax error, unexpected end of file
#0 D:\UNOESC\4 FASE\Componente Curricular Complementar\PROGRAMAS\Arquivos de Programas\XAMPP\htdocs\Fernando\blog\lib\Cake\Error\ErrorHandler.php(162): ErrorHandler::handleFatalError(4, 'syntax error, u...', 'D:\UNOESC\4 FAS...', 56)
#1 [internal function]: ErrorHandler::handleError(4, 'syntax error, u...', 'D:\UNOESC\4 FAS...', 56, Array)
#2 D:\UNOESC\4 FASE\Componente Curricular Complementar\PROGRAMAS\Arquivos de Programas\XAMPP\htdocs\Fernando\blog\lib\Cake\Core\App.php(926): call_user_func('ErrorHandler::h...', 4, 'syntax error, u...', 'D:\UNOESC\4 FAS...', 56, Array)
#3 D:\UNOESC\4 FASE\Componente Curricular Complementar\PROGRAMAS\Arquivos de Programas\XAMPP\htdocs\Fernando\blog\lib\Cake\Core\App.php(899): App::_checkFatalError()
#4 [internal function]: App::shutdown()
#5 {main}
2012-11-28 23:29:27 Error: Fatal Error (4): syntax error, unexpected end of file in [D:\UNOESC\4 FASE\Componente Curricular Complementar\PROGRAMAS\Arquivos de Programas\XAMPP\htdocs\Fernando\blog\app\Controller\PostsController.php, line 56]
2012-11-28 23:29:27 Error: [FatalErrorException] syntax error, unexpected end of file
#0 D:\UNOESC\4 FASE\Componente Curricular Complementar\PROGRAMAS\Arquivos de Programas\XAMPP\htdocs\Fernando\blog\lib\Cake\Error\ErrorHandler.php(162): ErrorHandler::handleFatalError(4, 'syntax error, u...', 'D:\UNOESC\4 FAS...', 56)
#1 [internal function]: ErrorHandler::handleError(4, 'syntax error, u...', 'D:\UNOESC\4 FAS...', 56, Array)
#2 D:\UNOESC\4 FASE\Componente Curricular Complementar\PROGRAMAS\Arquivos de Programas\XAMPP\htdocs\Fernando\blog\lib\Cake\Core\App.php(926): call_user_func('ErrorHandler::h...', 4, 'syntax error, u...', 'D:\UNOESC\4 FAS...', 56, Array)
#3 D:\UNOESC\4 FASE\Componente Curricular Complementar\PROGRAMAS\Arquivos de Programas\XAMPP\htdocs\Fernando\blog\lib\Cake\Core\App.php(899): App::_checkFatalError()
#4 [internal function]: App::shutdown()
#5 {main}
2012-11-28 23:29:52 Error: Fatal Error (4): syntax error, unexpected end of file in [D:\UNOESC\4 FASE\Componente Curricular Complementar\PROGRAMAS\Arquivos de Programas\XAMPP\htdocs\Fernando\blog\app\Controller\PostsController.php, line 56]
2012-11-28 23:29:52 Error: [FatalErrorException] syntax error, unexpected end of file
#0 D:\UNOESC\4 FASE\Componente Curricular Complementar\PROGRAMAS\Arquivos de Programas\XAMPP\htdocs\Fernando\blog\lib\Cake\Error\ErrorHandler.php(162): ErrorHandler::handleFatalError(4, 'syntax error, u...', 'D:\UNOESC\4 FAS...', 56)
#1 [internal function]: ErrorHandler::handleError(4, 'syntax error, u...', 'D:\UNOESC\4 FAS...', 56, Array)
#2 D:\UNOESC\4 FASE\Componente Curricular Complementar\PROGRAMAS\Arquivos de Programas\XAMPP\htdocs\Fernando\blog\lib\Cake\Core\App.php(926): call_user_func('ErrorHandler::h...', 4, 'syntax error, u...', 'D:\UNOESC\4 FAS...', 56, Array)
#3 D:\UNOESC\4 FASE\Componente Curricular Complementar\PROGRAMAS\Arquivos de Programas\XAMPP\htdocs\Fernando\blog\lib\Cake\Core\App.php(899): App::_checkFatalError()
#4 [internal function]: App::shutdown()
#5 {main}
2012-11-28 23:29:56 Error: Fatal Error (4): syntax error, unexpected end of file in [D:\UNOESC\4 FASE\Componente Curricular Complementar\PROGRAMAS\Arquivos de Programas\XAMPP\htdocs\Fernando\blog\app\Controller\PostsController.php, line 56]
2012-11-28 23:29:56 Error: [FatalErrorException] syntax error, unexpected end of file
#0 D:\UNOESC\4 FASE\Componente Curricular Complementar\PROGRAMAS\Arquivos de Programas\XAMPP\htdocs\Fernando\blog\lib\Cake\Error\ErrorHandler.php(162): ErrorHandler::handleFatalError(4, 'syntax error, u...', 'D:\UNOESC\4 FAS...', 56)
#1 [internal function]: ErrorHandler::handleError(4, 'syntax error, u...', 'D:\UNOESC\4 FAS...', 56, Array)
#2 D:\UNOESC\4 FASE\Componente Curricular Complementar\PROGRAMAS\Arquivos de Programas\XAMPP\htdocs\Fernando\blog\lib\Cake\Core\App.php(926): call_user_func('ErrorHandler::h...', 4, 'syntax error, u...', 'D:\UNOESC\4 FAS...', 56, Array)
#3 D:\UNOESC\4 FASE\Componente Curricular Complementar\PROGRAMAS\Arquivos de Programas\XAMPP\htdocs\Fernando\blog\lib\Cake\Core\App.php(899): App::_checkFatalError()
#4 [internal function]: App::shutdown()
#5 {main}
2012-11-28 23:30:15 Error: Fatal Error (4): syntax error, unexpected '?>', expecting function (T_FUNCTION) in [D:\UNOESC\4 FASE\Componente Curricular Complementar\PROGRAMAS\Arquivos de Programas\XAMPP\htdocs\Fernando\blog\app\Controller\PostsController.php, line 54]
2012-11-28 23:30:15 Error: [FatalErrorException] syntax error, unexpected '?>', expecting function (T_FUNCTION)
#0 D:\UNOESC\4 FASE\Componente Curricular Complementar\PROGRAMAS\Arquivos de Programas\XAMPP\htdocs\Fernando\blog\lib\Cake\Error\ErrorHandler.php(162): ErrorHandler::handleFatalError(4, 'syntax error, u...', 'D:\UNOESC\4 FAS...', 54)
#1 [internal function]: ErrorHandler::handleError(4, 'syntax error, u...', 'D:\UNOESC\4 FAS...', 54, Array)
#2 D:\UNOESC\4 FASE\Componente Curricular Complementar\PROGRAMAS\Arquivos de Programas\XAMPP\htdocs\Fernando\blog\lib\Cake\Core\App.php(926): call_user_func('ErrorHandler::h...', 4, 'syntax error, u...', 'D:\UNOESC\4 FAS...', 54, Array)
#3 D:\UNOESC\4 FASE\Componente Curricular Complementar\PROGRAMAS\Arquivos de Programas\XAMPP\htdocs\Fernando\blog\lib\Cake\Core\App.php(899): App::_checkFatalError()
#4 [internal function]: App::shutdown()
#5 {main}
2012-11-28 23:32:39 Error: Fatal Error (4): syntax error, unexpected end of file in [D:\UNOESC\4 FASE\Componente Curricular Complementar\PROGRAMAS\Arquivos de Programas\XAMPP\htdocs\Fernando\blog\app\Controller\PostsController.php, line 56]
2012-11-28 23:32:39 Error: [FatalErrorException] syntax error, unexpected end of file
#0 D:\UNOESC\4 FASE\Componente Curricular Complementar\PROGRAMAS\Arquivos de Programas\XAMPP\htdocs\Fernando\blog\lib\Cake\Error\ErrorHandler.php(162): ErrorHandler::handleFatalError(4, 'syntax error, u...', 'D:\UNOESC\4 FAS...', 56)
#1 [internal function]: ErrorHandler::handleError(4, 'syntax error, u...', 'D:\UNOESC\4 FAS...', 56, Array)
#2 D:\UNOESC\4 FASE\Componente Curricular Complementar\PROGRAMAS\Arquivos de Programas\XAMPP\htdocs\Fernando\blog\lib\Cake\Core\App.php(926): call_user_func('ErrorHandler::h...', 4, 'syntax error, u...', 'D:\UNOESC\4 FAS...', 56, Array)
#3 D:\UNOESC\4 FASE\Componente Curricular Complementar\PROGRAMAS\Arquivos de Programas\XAMPP\htdocs\Fernando\blog\lib\Cake\Core\App.php(899): App::_checkFatalError()
#4 [internal function]: App::shutdown()
#5 {main}
2012-11-28 23:46:28 Error: Fatal Error (4): syntax error, unexpected '=>' (T_DOUBLE_ARROW), expecting ')' in [D:\UNOESC\4 FASE\Componente Curricular Complementar\PROGRAMAS\Arquivos de Programas\XAMPP\htdocs\Fernando\blog\app\View\Posts\index.ctp, line 31]
2012-11-28 23:46:28 Error: [FatalErrorException] syntax error, unexpected '=>' (T_DOUBLE_ARROW), expecting ')'
#0 D:\UNOESC\4 FASE\Componente Curricular Complementar\PROGRAMAS\Arquivos de Programas\XAMPP\htdocs\Fernando\blog\lib\Cake\Error\ErrorHandler.php(162): ErrorHandler::handleFatalError(4, 'syntax error, u...', 'D:\UNOESC\4 FAS...', 31)
#1 [internal function]: ErrorHandler::handleError(4, 'syntax error, u...', 'D:\UNOESC\4 FAS...', 31, Array)
#2 D:\UNOESC\4 FASE\Componente Curricular Complementar\PROGRAMAS\Arquivos de Programas\XAMPP\htdocs\Fernando\blog\lib\Cake\Core\App.php(926): call_user_func('ErrorHandler::h...', 4, 'syntax error, u...', 'D:\UNOESC\4 FAS...', 31, Array)
#3 D:\UNOESC\4 FASE\Componente Curricular Complementar\PROGRAMAS\Arquivos de Programas\XAMPP\htdocs\Fernando\blog\lib\Cake\Core\App.php(899): App::_checkFatalError()
#4 [internal function]: App::shutdown()
#5 {main}
2012-11-28 23:47:27 Error: Fatal Error (4): syntax error, unexpected '=', expecting ')' in [D:\UNOESC\4 FASE\Componente Curricular Complementar\PROGRAMAS\Arquivos de Programas\XAMPP\htdocs\Fernando\blog\app\View\Posts\index.ctp, line 31]
2012-11-28 23:47:27 Error: [FatalErrorException] syntax error, unexpected '=', expecting ')'
#0 D:\UNOESC\4 FASE\Componente Curricular Complementar\PROGRAMAS\Arquivos de Programas\XAMPP\htdocs\Fernando\blog\lib\Cake\Error\ErrorHandler.php(162): ErrorHandler::handleFatalError(4, 'syntax error, u...', 'D:\UNOESC\4 FAS...', 31)
#1 [internal function]: ErrorHandler::handleError(4, 'syntax error, u...', 'D:\UNOESC\4 FAS...', 31, Array)
#2 D:\UNOESC\4 FASE\Componente Curricular Complementar\PROGRAMAS\Arquivos de Programas\XAMPP\htdocs\Fernando\blog\lib\Cake\Core\App.php(926): call_user_func('ErrorHandler::h...', 4, 'syntax error, u...', 'D:\UNOESC\4 FAS...', 31, Array)
#3 D:\UNOESC\4 FASE\Componente Curricular Complementar\PROGRAMAS\Arquivos de Programas\XAMPP\htdocs\Fernando\blog\lib\Cake\Core\App.php(899): App::_checkFatalError()
#4 [internal function]: App::shutdown()
#5 {main}
2012-11-28 23:48:37 Error: Fatal Error (4): syntax error, unexpected '=', expecting ')' in [D:\UNOESC\4 FASE\Componente Curricular Complementar\PROGRAMAS\Arquivos de Programas\XAMPP\htdocs\Fernando\blog\app\View\Posts\index.ctp, line 30]
2012-11-28 23:48:37 Error: [FatalErrorException] syntax error, unexpected '=', expecting ')'
#0 D:\UNOESC\4 FASE\Componente Curricular Complementar\PROGRAMAS\Arquivos de Programas\XAMPP\htdocs\Fernando\blog\lib\Cake\Error\ErrorHandler.php(162): ErrorHandler::handleFatalError(4, 'syntax error, u...', 'D:\UNOESC\4 FAS...', 30)
#1 [internal function]: ErrorHandler::handleError(4, 'syntax error, u...', 'D:\UNOESC\4 FAS...', 30, Array)
#2 D:\UNOESC\4 FASE\Componente Curricular Complementar\PROGRAMAS\Arquivos de Programas\XAMPP\htdocs\Fernando\blog\lib\Cake\Core\App.php(926): call_user_func('ErrorHandler::h...', 4, 'syntax error, u...', 'D:\UNOESC\4 FAS...', 30, Array)
#3 D:\UNOESC\4 FASE\Componente Curricular Complementar\PROGRAMAS\Arquivos de Programas\XAMPP\htdocs\Fernando\blog\lib\Cake\Core\App.php(899): App::_checkFatalError()
#4 [internal function]: App::shutdown()
#5 {main}
2012-11-29 00:02:01 Error: Fatal Error (4): syntax error, unexpected ')', expecting ',' or ';' in [D:\UNOESC\4 FASE\Componente Curricular Complementar\PROGRAMAS\Arquivos de Programas\XAMPP\htdocs\Fernando\blog\app\View\Posts\index.ctp, line 11]
2012-11-29 00:02:01 Error: [FatalErrorException] syntax error, unexpected ')', expecting ',' or ';'
#0 D:\UNOESC\4 FASE\Componente Curricular Complementar\PROGRAMAS\Arquivos de Programas\XAMPP\htdocs\Fernando\blog\lib\Cake\Error\ErrorHandler.php(162): ErrorHandler::handleFatalError(4, 'syntax error, u...', 'D:\UNOESC\4 FAS...', 11)
#1 [internal function]: ErrorHandler::handleError(4, 'syntax error, u...', 'D:\UNOESC\4 FAS...', 11, Array)
#2 D:\UNOESC\4 FASE\Componente Curricular Complementar\PROGRAMAS\Arquivos de Programas\XAMPP\htdocs\Fernando\blog\lib\Cake\Core\App.php(926): call_user_func('ErrorHandler::h...', 4, 'syntax error, u...', 'D:\UNOESC\4 FAS...', 11, Array)
#3 D:\UNOESC\4 FASE\Componente Curricular Complementar\PROGRAMAS\Arquivos de Programas\XAMPP\htdocs\Fernando\blog\lib\Cake\Core\App.php(899): App::_checkFatalError()
#4 [internal function]: App::shutdown()
#5 {main}
2012-11-29 00:03:57 Error: [MissingActionException] Action PostsController::Novo Item() could not be found.
#0 D:\UNOESC\4 FASE\Componente Curricular Complementar\PROGRAMAS\Arquivos de Programas\XAMPP\htdocs\Fernando\blog\lib\Cake\Routing\Dispatcher.php(186): Controller->invokeAction(Object(CakeRequest))
#1 D:\UNOESC\4 FASE\Componente Curricular Complementar\PROGRAMAS\Arquivos de Programas\XAMPP\htdocs\Fernando\blog\lib\Cake\Routing\Dispatcher.php(161): Dispatcher->_invoke(Object(PostsController), Object(CakeRequest), Object(CakeResponse))
#2 D:\UNOESC\4 FASE\Componente Curricular Complementar\PROGRAMAS\Arquivos de Programas\XAMPP\htdocs\Fernando\blog\app\webroot\index.php(92): Dispatcher->dispatch(Object(CakeRequest), Object(CakeResponse))
#3 {main}
